<?xml version="1.0" encoding="UTF-8"?>
<!-- Generated by org.testng.reporters.JUnitReportReporter -->
<testsuite hostname="LAPTOP-DD8S79MB" failures="1" tests="21" name="seltestngbasic.AllTestCases" time="3.400" errors="0" timestamp="2021-09-06T15:55:42 IST" skipped="0">
  <testcase classname="seltestngbasic.AllTestCases" name="verifyHeadingOfLoginPage" time="0.057"/>
  <system-out/>
  <testcase classname="seltestngbasic.AllTestCases" name="verifySubHeadingOfLoginPage" time="0.031"/>
  <system-out/>
  <testcase classname="seltestngbasic.AllTestCases" name="verifyRegistrationLinkText" time="0.026"/>
  <system-out/>
  <testcase classname="seltestngbasic.AllTestCases" name="clickRegistrationLink" time="0.137"/>
  <system-out/>
  <testcase classname="seltestngbasic.AllTestCases" name="verifyRegistration" time="0.343"/>
  <system-out/>
  <testcase classname="seltestngbasic.AllTestCases" name="clickAlreadyMembershipLink" time="0.126"/>
  <system-out/>
  <testcase classname="seltestngbasic.AllTestCases" name="verifyEmailPlaceholderValue" time="0.034">
    <failure message="expected [Email.] but found [Email]" type="java.lang.AssertionError">
      <![CDATA[java.lang.AssertionError: expected [Email.] but found [Email]
at org.testng.Assert.fail(Assert.java:99)
at org.testng.Assert.failNotEquals(Assert.java:1037)
at org.testng.Assert.assertEqualsImpl(Assert.java:140)
at org.testng.Assert.assertEquals(Assert.java:122)
at org.testng.Assert.assertEquals(Assert.java:629)
at org.testng.Assert.assertEquals(Assert.java:639)
at seltestngbasic.AllTestCases.verifyEmailPlaceholderValue(AllTestCases.java:85)
at java.base/jdk.internal.reflect.NativeMethodAccessorImpl.invoke0(Native Method)
at java.base/jdk.internal.reflect.NativeMethodAccessorImpl.invoke(NativeMethodAccessorImpl.java:78)
at java.base/jdk.internal.reflect.DelegatingMethodAccessorImpl.invoke(DelegatingMethodAccessorImpl.java:43)
at java.base/java.lang.reflect.Method.invoke(Method.java:567)
at org.testng.internal.MethodInvocationHelper.invokeMethod(MethodInvocationHelper.java:133)
at org.testng.internal.TestInvoker.invokeMethod(TestInvoker.java:598)
at org.testng.internal.TestInvoker.invokeTestMethod(TestInvoker.java:173)
at org.testng.internal.MethodRunner.runInSequence(MethodRunner.java:46)
at org.testng.internal.TestInvoker$MethodInvocationAgent.invoke(TestInvoker.java:824)
at org.testng.internal.TestInvoker.invokeTestMethods(TestInvoker.java:146)
at org.testng.internal.TestMethodWorker.invokeTestMethods(TestMethodWorker.java:146)
at org.testng.internal.TestMethodWorker.run(TestMethodWorker.java:128)
at java.base/java.util.ArrayList.forEach(ArrayList.java:1511)
at org.testng.TestRunner.privateRun(TestRunner.java:794)
at org.testng.TestRunner.run(TestRunner.java:596)
at org.testng.SuiteRunner.runTest(SuiteRunner.java:377)
at org.testng.SuiteRunner.runSequentially(SuiteRunner.java:371)
at org.testng.SuiteRunner.privateRun(SuiteRunner.java:332)
at org.testng.SuiteRunner.run(SuiteRunner.java:276)
at org.testng.SuiteRunnerWorker.runSuite(SuiteRunnerWorker.java:53)
at org.testng.SuiteRunnerWorker.run(SuiteRunnerWorker.java:96)
at org.testng.TestNG.runSuitesSequentially(TestNG.java:1212)
at org.testng.TestNG.runSuitesLocally(TestNG.java:1134)
at org.testng.TestNG.runSuites(TestNG.java:1063)
at org.testng.TestNG.run(TestNG.java:1031)
at org.testng.remote.AbstractRemoteTestNG.run(AbstractRemoteTestNG.java:115)
at org.testng.remote.RemoteTestNG.initAndRun(RemoteTestNG.java:251)
at org.testng.remote.RemoteTestNG.main(RemoteTestNG.java:77)
]]>
    </failure>
  </testcase> <!-- verifyEmailPlaceholderValue -->
  <system-out/>
  <testcase classname="seltestngbasic.AllTestCases" name="verifyPasswordPlaceholderValue" time="0.025"/>
  <system-out/>
  <testcase classname="seltestngbasic.AllTestCases" name="verifyErrorMsgForBlankLoginEmail" time="0.457"/>
  <system-out/>
  <testcase classname="seltestngbasic.AllTestCases" name="verifyErrorMsgForBlankLoginPassword" time="0.196"/>
  <system-out/>
  <testcase classname="seltestngbasic.AllTestCases" name="verifyErrorMsgForInvalidLoginEmail" time="0.191"/>
  <system-out/>
  <testcase classname="seltestngbasic.AllTestCases" name="verifyErrorMsgForInvalidLoginPassword" time="0.183"/>
  <system-out/>
  <testcase classname="seltestngbasic.AllTestCases" name="verifyLogin" time="0.245"/>
  <system-out/>
  <testcase classname="seltestngbasic.AllTestCases" name="verifyUsersLinkText" time="0.035"/>
  <system-out/>
  <testcase classname="seltestngbasic.AllTestCases" name="addUser" time="0.784"/>
  <system-out/>
  <testcase classname="seltestngbasic.AllTestCases" name="verifyOperatorsLinkText" time="0.133"/>
  <system-out/>
  <testcase classname="seltestngbasic.AllTestCases" name="verifyUsefulLinksText" time="0.030"/>
  <system-out/>
  <testcase classname="seltestngbasic.AllTestCases" name="verifyDownloadsLinksText" time="0.024"/>
  <system-out/>
  <testcase classname="seltestngbasic.AllTestCases" name="clickDownloadsLinks" time="0.184"/>
  <system-out/>
  <testcase classname="seltestngbasic.AllTestCases" name="verifyLogoutLinksText" time="0.035"/>
  <system-out/>
  <testcase classname="seltestngbasic.AllTestCases" name="clickLogoutLinks" time="0.124"/>
  <system-out/>
</testsuite> <!-- seltestngbasic.AllTestCases -->
